<?xml version="1.0" encoding="UTF-8"?>
<testng-results skipped="0" failed="0" total="1" passed="1">
  <reporter-output>
    <line>
      <![CDATA[Application opened]]>
    </line>
    <line>
      <![CDATA[HRMS title Matched]]>
    </line>
    <line>
      <![CDATA[Login Completed]]>
    </line>
    <line>
      <![CDATA[Welcome txt Matched]]>
    </line>
    <line>
      <![CDATA[Logout Completed]]>
    </line>
    <line>
      <![CDATA[Application closed]]>
    </line>
  </reporter-output>
  <suite name="Default suite" duration-ms="45884" started-at="2019-08-23T11:37:04Z" finished-at="2019-08-23T11:37:49Z">
    <groups>
    </groups>
    <test name="Default test" duration-ms="45884" started-at="2019-08-23T11:37:04Z" finished-at="2019-08-23T11:37:49Z">
      <class name="Com.hrms.Testscripts.TC_101">
        <test-method status="PASS" signature="Test1()[pri:0, instance:Com.hrms.Testscripts.TC_101@1996cd68]" name="Test1" duration-ms="45840" started-at="2019-08-23T17:07:04Z" finished-at="2019-08-23T17:07:49Z">
          <reporter-output>
            <line>
              <![CDATA[Application opened]]>
            </line>
            <line>
              <![CDATA[HRMS title Matched]]>
            </line>
            <line>
              <![CDATA[Login Completed]]>
            </line>
            <line>
              <![CDATA[Welcome txt Matched]]>
            </line>
            <line>
              <![CDATA[Logout Completed]]>
            </line>
            <line>
              <![CDATA[Application closed]]>
            </line>
          </reporter-output>
        </test-method> <!-- Test1 -->
      </class> <!-- Com.hrms.Testscripts.TC_101 -->
    </test> <!-- Default test -->
  </suite> <!-- Default suite -->
</testng-results>
